<?xml version="1.0" encoding="UTF-8"?>
<!-- Generated by org.testng.reporters.JUnitReportReporter -->
<testsuite hostname="DESKTOP-232DIG6" failures="0" tests="1" name="com.neo.bank.testcases.TestCase" time="6.120" errors="0" timestamp="2022-03-18T17:43:47 IST" skipped="0">
  <testcase classname="com.neo.bank.testcases.TestCase" name="Test" time="6.120"/>
  <system-out/>
</testsuite> <!-- com.neo.bank.testcases.TestCase -->
