<?xml version="1.0" encoding="UTF-8"?>
<!-- Generated by org.testng.reporters.JUnitReportReporter -->
<testsuite hostname="DESKTOP-232DIG6" failures="0" tests="1" name="com.neo.bank.testcases.TestCase" time="5.172" errors="0" timestamp="2022-03-21T12:54:10 IST" skipped="0">
  <testcase classname="com.neo.bank.testcases.TestCase" name="test" time="5.172"/>
  <system-out/>
</testsuite> <!-- com.neo.bank.testcases.TestCase -->
