<?xml version="1.0" encoding="UTF-8"?>
<!-- Generated by org.testng.reporters.JUnitReportReporter -->
<testsuite hostname="DESKTOP-232DIG6" failures="0" tests="1" name="com.neo.banking.testclass.TestCase" time="5.595" errors="0" timestamp="2022-03-18T12:44:21 IST" skipped="0">
  <testcase classname="com.neo.banking.testclass.TestCase" name="test" time="5.595"/>
  <system-out/>
</testsuite> <!-- com.neo.banking.testclass.TestCase -->
