<?xml version="1.0" encoding="UTF-8"?>
<!-- Generated by org.testng.reporters.JUnitReportReporter -->
<testsuite hostname="DESKTOP-232DIG6" failures="0" tests="1" name="com.neo.bank.testclass.TestCase" time="6.089" errors="0" timestamp="2022-03-20T13:07:25 IST" skipped="0">
  <testcase classname="com.neo.bank.testclass.TestCase" name="test" time="6.089"/>
  <system-out/>
</testsuite> <!-- com.neo.bank.testclass.TestCase -->
