<?xml version="1.0" encoding="UTF-8"?>
<!-- Generated by org.testng.reporters.JUnitReportReporter -->
<testsuite hostname="DESKTOP-232DIG6" failures="0" tests="1" name="com.neo.book.testdata.TestCases" time="2.181" errors="0" timestamp="2022-03-20T15:35:53 IST" skipped="0">
  <testcase classname="com.neo.book.testdata.TestCases" name="test" time="2.181"/>
  <system-out/>
</testsuite> <!-- com.neo.book.testdata.TestCases -->
