<?xml version="1.0" encoding="UTF-8"?>
<!-- Generated by org.testng.reporters.JUnitReportReporter -->
<testsuite hostname="DESKTOP-232DIG6" failures="0" tests="1" name="com.neo.bank.testcase.TestCase" time="5.803" errors="0" timestamp="2022-03-28T16:12:32 IST" skipped="0">
  <testcase classname="com.neo.bank.testcase.TestCase" name="test" time="5.803"/>
  <system-out/>
</testsuite> <!-- com.neo.bank.testcase.TestCase -->
