<?xml version="1.0" encoding="UTF-8"?>
<!-- Generated by org.testng.reporters.JUnitReportReporter -->
<testsuite hostname="DESKTOP-232DIG6" failures="0" tests="1" name="com.neo.TestCase.TestCase" time="6.675" errors="0" timestamp="2022-03-29T13:31:05 IST" skipped="0">
  <testcase classname="com.neo.TestCase.TestCase" name="test" time="6.675"/>
  <system-out/>
</testsuite> <!-- com.neo.TestCase.TestCase -->
